SF:lib\modules\core\data\assets\countries_codes_impl.dart
DA:10,2
DA:12,2
DA:14,4
DA:15,2
DA:16,6
DA:17,2
LF:6
LH:6
end_of_record
SF:lib\modules\core\data\assets\models\country_model.dart
DA:9,10
DA:16,1
DA:17,1
DA:18,1
DA:19,1
DA:20,1
DA:21,1
DA:23,1
DA:26,1
DA:27,1
DA:28,1
DA:29,1
DA:30,1
DA:31,1
DA:35,2
DA:36,2
DA:37,2
DA:38,2
DA:39,2
DA:40,2
LF:20
LH:20
end_of_record
SF:lib\modules\core\data\countries_repository_impl.dart
DA:8,2
DA:11,2
DA:13,4
LF:3
LH:3
end_of_record
SF:lib\modules\core\data\hand_shake_repository_impl.dart
DA:16,2
DA:22,2
DA:25,4
DA:29,2
DA:30,2
DA:31,1
DA:36,2
DA:37,2
DA:38,2
DA:39,1
DA:40,1
DA:41,1
DA:42,1
LF:13
LH:13
end_of_record
SF:lib\modules\core\data\network\enums\http_error_enum.dart
DA:12,5
DA:13,5
DA:14,15
DA:16,5
LF:4
LH:4
end_of_record
SF:lib\modules\core\data\network\exceptions\http_exception.dart
DA:7,4
DA:11,4
DA:12,4
DA:13,4
DA:14,2
DA:16,4
DA:17,4
DA:21,3
DA:22,6
DA:25,5
DA:26,10
LF:11
LH:11
end_of_record
SF:lib\modules\core\data\network\rest_hand_shake.g.dart
DA:12,2
DA:21,1
DA:24,1
DA:25,1
DA:26,1
DA:27,2
DA:28,4
DA:33,1
DA:34,2
DA:39,1
DA:40,1
DA:41,3
DA:42,1
DA:46,1
DA:47,1
DA:48,2
DA:49,2
DA:50,1
DA:51,0
DA:53,1
DA:59,1
DA:63,2
DA:67,0
DA:69,0
DA:70,0
DA:73,0
LF:26
LH:21
end_of_record
SF:lib\modules\core\security\keys_impl.dart
DA:6,2
DA:13,2
DA:14,12
LF:3
LH:3
end_of_record
SF:lib\modules\core\data\network\request\request_hand_shake.dart
DA:9,3
DA:11,4
LF:2
LH:2
end_of_record
SF:lib\modules\core\data\network\request\request_hand_shake.g.dart
DA:9,0
DA:10,0
DA:11,0
DA:14,2
DA:15,2
DA:16,2
LF:6
LH:3
end_of_record
SF:lib\modules\core\phone\phone_formatted.dart
DA:8,2
DA:11,2
DA:12,2
DA:13,3
DA:17,1
DA:22,1
DA:23,4
DA:24,1
DA:25,1
DA:27,2
DA:31,1
DA:32,1
DA:35,2
DA:36,3
DA:37,1
DA:38,1
DA:40,2
DA:43,1
DA:44,1
DA:46,1
DA:51,1
DA:53,1
DA:54,4
DA:55,3
DA:56,2
DA:57,1
DA:59,3
DA:63,1
LF:28
LH:28
end_of_record
SF:lib\modules\core\widgets\bottomsheet\bottom_sheet_impl.dart
DA:6,1
DA:15,1
DA:18,1
DA:19,1
DA:22,1
DA:24,1
DA:25,1
DA:39,1
DA:40,1
DA:41,1
DA:48,1
DA:54,1
DA:63,1
DA:65,1
DA:67,1
DA:68,1
DA:70,1
LF:17
LH:17
end_of_record
SF:lib\modules\core\utils\strings_impl.dart
DA:4,1
DA:6,1
DA:7,1
LF:3
LH:3
end_of_record
SF:lib\modules\core\data\route_repository_impl.dart
DA:7,3
DA:9,1
DA:11,2
DA:14,1
DA:15,2
DA:17,2
DA:19,4
LF:7
LH:7
end_of_record
SF:lib\config\env.dart
DA:3,1
DA:10,0
DA:12,0
DA:13,0
LF:4
LH:1
end_of_record
SF:lib\modules\core\core_module.dart
DA:41,4
DA:42,4
DA:43,4
DA:44,4
DA:45,4
DA:46,4
DA:47,4
DA:48,4
DA:49,4
DA:50,4
DA:51,4
DA:54,8
DA:55,4
DA:56,4
DA:59,4
DA:60,4
DA:61,2
DA:62,2
DA:63,2
DA:67,4
DA:68,2
DA:69,1
DA:70,1
DA:71,1
DA:75,4
DA:76,2
DA:77,1
DA:78,1
DA:79,1
DA:85,8
DA:86,4
DA:87,2
DA:90,4
DA:91,4
DA:100,8
DA:101,4
DA:102,4
DA:105,4
DA:106,2
DA:111,8
DA:112,4
DA:113,4
DA:116,4
DA:117,6
DA:122,8
DA:123,4
DA:124,2
DA:125,1
DA:131,8
DA:132,4
DA:133,2
DA:134,1
DA:138,4
DA:139,2
DA:140,1
DA:141,1
DA:142,1
DA:146,4
DA:147,0
DA:148,0
DA:152,4
DA:153,4
DA:154,2
DA:160,8
DA:161,4
DA:162,0
DA:163,0
DA:164,0
DA:165,0
DA:166,0
DA:167,0
DA:168,0
DA:170,0
DA:174,4
DA:175,2
DA:176,1
DA:177,1
DA:178,1
DA:179,1
DA:180,1
DA:181,1
DA:183,1
DA:189,8
DA:190,4
DA:191,8
LF:85
LH:75
end_of_record
SF:lib\modules\core\data\network\config\network_config.dart
DA:12,1
DA:19,1
DA:20,1
DA:21,2
DA:26,2
DA:27,1
LF:6
LH:6
end_of_record
SF:lib\modules\core\data\network\rest_user.g.dart
DA:12,1
DA:21,1
DA:24,1
DA:25,1
DA:26,1
DA:27,2
DA:28,4
DA:33,1
DA:34,2
DA:39,1
DA:40,1
DA:41,3
DA:42,1
DA:46,1
DA:49,1
DA:50,1
DA:52,1
DA:53,3
DA:58,1
DA:59,2
DA:64,1
DA:65,1
DA:66,3
DA:67,1
DA:69,2
DA:73,1
DA:74,1
DA:75,2
DA:76,2
DA:77,1
DA:78,0
DA:80,1
DA:86,1
DA:90,2
DA:94,0
DA:96,0
DA:97,0
DA:100,0
LF:38
LH:33
end_of_record
SF:lib\modules\core\data\sp\device_sp_impl.dart
DA:14,2
DA:20,1
DA:22,1
DA:24,2
DA:25,1
DA:26,2
DA:28,2
DA:29,2
DA:32,1
DA:34,2
DA:36,2
DA:37,2
DA:39,2
LF:13
LH:13
end_of_record
SF:lib\modules\core\data\sp\key_sp_impl.dart
DA:15,2
DA:21,1
DA:23,2
DA:25,2
DA:26,2
DA:29,3
DA:32,1
DA:34,3
DA:35,1
DA:39,2
DA:41,2
DA:42,2
DA:46,1
DA:48,3
DA:49,1
DA:53,2
DA:55,2
DA:56,2
DA:60,1
DA:62,2
DA:64,2
DA:65,2
DA:68,3
DA:71,2
DA:73,2
DA:74,3
DA:75,3
LF:27
LH:27
end_of_record
SF:lib\modules\core\data\sp\route_sp_impl.dart
DA:14,3
DA:20,2
DA:22,4
DA:24,4
DA:25,4
DA:28,3
DA:31,1
DA:34,3
DA:36,1
DA:37,2
DA:39,2
DA:40,2
DA:47,1
DA:49,1
DA:50,2
LF:15
LH:15
end_of_record
SF:lib\modules\core\data\user_repository_impl.dart
DA:11,1
DA:15,1
DA:19,2
DA:21,1
DA:26,2
DA:27,1
DA:28,1
DA:29,1
DA:30,1
LF:9
LH:9
end_of_record
SF:lib\modules\core\localizations\app_localization_impl.dart
DA:9,6
DA:10,6
DA:12,7
DA:14,14
LF:4
LH:4
end_of_record
SF:lib\modules\core\security\encryption_decrypt_aes_impl.dart
DA:7,3
DA:11,1
DA:18,3
DA:23,1
DA:24,2
DA:28,2
DA:35,4
DA:37,2
DA:43,1
DA:44,2
LF:10
LH:10
end_of_record
SF:lib\modules\core\utils\bytes_impl.dart
DA:6,6
DA:11,6
DA:13,1
DA:18,1
LF:4
LH:4
end_of_record
SF:lib\modules\core\widgets\loading\loading_impl.dart
DA:7,3
DA:8,3
LF:2
LH:2
end_of_record
SF:lib\modules\core\data\network\interceptors\dio_encrypted_interceptor.dart
DA:22,2
DA:32,1
DA:37,1
DA:38,1
DA:41,1
DA:46,1
DA:47,1
DA:49,2
DA:50,1
DA:51,2
DA:52,1
DA:55,1
DA:58,1
DA:59,1
DA:60,1
DA:61,2
DA:65,1
DA:66,1
DA:67,1
DA:68,2
DA:70,1
DA:71,1
DA:76,1
DA:80,2
DA:81,2
DA:82,1
DA:86,3
DA:89,1
DA:90,2
DA:91,1
DA:93,2
DA:96,1
DA:97,1
DA:102,1
DA:103,3
DA:106,1
DA:107,2
DA:108,1
DA:110,2
DA:113,1
DA:115,2
DA:117,2
DA:118,2
DA:120,1
DA:121,0
LF:45
LH:44
end_of_record
SF:lib\modules\core\data\network\request\request_encrypted.dart
DA:9,2
DA:11,4
LF:2
LH:2
end_of_record
SF:lib\modules\core\data\network\request\request_encrypted.g.dart
DA:9,0
DA:10,0
DA:11,0
DA:14,2
DA:15,2
DA:16,2
LF:6
LH:3
end_of_record
SF:lib\modules\core\data\network\request\request_user_code.dart
DA:9,4
DA:11,1
DA:13,1
DA:15,4
LF:4
LH:4
end_of_record
SF:lib\modules\core\data\network\request\request_user_code.g.dart
DA:9,1
DA:10,1
DA:11,1
DA:14,2
DA:15,2
DA:16,2
LF:6
LH:6
end_of_record
SF:lib\modules\core\data\network\response\response_valid_code.dart
DA:10,5
DA:12,1
DA:15,1
DA:17,4
LF:4
LH:4
end_of_record
SF:lib\modules\core\data\network\response\response_valid_code.g.dart
DA:9,1
DA:10,1
DA:11,1
DA:12,1
DA:15,2
DA:16,2
DA:17,2
DA:18,2
LF:8
LH:8
end_of_record
SF:lib\modules\core\widgets\loading\loading_widget.dart
DA:10,4
DA:15,4
DA:16,4
DA:20,4
DA:22,12
DA:23,4
DA:25,4
DA:26,4
DA:27,4
DA:29,4
DA:30,4
DA:36,4
DA:38,4
DA:39,12
LF:14
LH:14
end_of_record
SF:lib\modules\uiauth\bloc\uiauth_bloc.dart
DA:16,2
DA:20,4
DA:21,2
DA:22,2
DA:23,2
DA:25,4
DA:26,4
DA:29,2
DA:33,4
DA:35,4
DA:36,4
DA:37,1
DA:38,2
DA:42,1
DA:46,2
DA:48,1
DA:49,1
DA:52,2
DA:53,2
DA:55,2
DA:56,0
DA:57,0
LF:22
LH:20
end_of_record
SF:lib\modules\uiauth\bloc\uiauth_bloc_event.dart
DA:2,2
DA:9,1
LF:2
LH:2
end_of_record
SF:lib\modules\uiauth\bloc\uiauth_bloc_state.dart
DA:10,3
DA:18,1
DA:19,1
DA:21,2
DA:23,0
DA:25,0
DA:29,2
DA:30,2
DA:32,2
DA:41,3
DA:42,2
DA:48,1
DA:49,2
DA:53,1
DA:54,1
DA:55,1
DA:62,2
DA:63,2
DA:64,2
DA:74,1
DA:75,1
DA:77,1
LF:22
LH:20
end_of_record
SF:lib\modules\uiauth\uiauth_module.dart
DA:7,1
DA:8,1
DA:9,1
DA:12,1
DA:13,1
DA:14,1
DA:15,2
DA:16,1
DA:17,1
DA:18,1
DA:23,0
DA:24,0
DA:25,0
DA:27,0
LF:14
LH:10
end_of_record
SF:lib\modules\uiauth\uiauth_pages.dart
DA:20,1
DA:22,1
DA:23,1
DA:42,1
DA:44,2
DA:46,1
DA:49,2
DA:50,1
DA:51,1
DA:56,1
DA:57,3
DA:58,2
DA:60,1
DA:61,1
DA:62,1
DA:63,1
DA:64,1
DA:65,0
DA:66,1
DA:67,2
DA:69,1
DA:70,0
DA:71,0
DA:72,0
DA:76,0
DA:80,1
DA:85,1
DA:86,1
DA:87,1
DA:88,1
DA:89,1
DA:91,1
DA:92,1
DA:96,1
DA:97,1
DA:98,1
DA:102,1
DA:103,5
DA:104,1
DA:112,1
DA:113,1
DA:114,2
DA:115,1
DA:125,1
DA:126,1
DA:127,1
DA:128,1
DA:129,1
DA:130,1
DA:137,1
DA:138,1
DA:140,1
DA:141,1
DA:156,1
DA:157,1
DA:158,1
DA:159,1
DA:160,1
DA:162,1
DA:163,1
DA:164,1
DA:168,1
DA:169,2
DA:181,1
DA:182,1
DA:183,1
DA:184,1
DA:186,1
DA:188,1
DA:190,1
DA:193,1
DA:194,1
DA:205,2
DA:211,1
DA:213,1
DA:215,1
DA:217,1
DA:219,1
DA:221,1
DA:222,2
DA:224,1
DA:225,1
DA:236,2
DA:246,1
DA:247,1
DA:248,1
DA:249,1
DA:250,1
DA:253,1
DA:254,1
DA:257,1
DA:259,1
DA:261,1
DA:262,3
DA:264,1
DA:265,1
DA:266,1
DA:267,1
DA:268,1
DA:269,1
DA:290,1
DA:291,1
DA:293,1
DA:301,0
DA:302,0
DA:304,0
DA:305,0
DA:307,0
DA:309,0
DA:311,0
DA:314,1
DA:316,1
DA:317,1
DA:319,1
DA:320,4
DA:321,3
DA:324,1
DA:325,2
DA:329,4
DA:330,2
DA:333,1
DA:335,1
DA:337,1
DA:338,2
DA:339,3
DA:340,4
DA:343,0
DA:344,0
DA:345,0
DA:346,0
DA:347,0
DA:349,0
DA:350,0
DA:351,0
DA:352,0
DA:353,0
DA:356,0
DA:357,0
DA:362,0
DA:363,0
DA:364,0
DA:368,0
DA:369,0
DA:370,0
DA:371,0
DA:373,0
DA:375,0
DA:376,0
DA:379,0
DA:380,0
DA:381,0
DA:383,0
DA:388,1
DA:389,1
DA:390,2
DA:392,0
DA:395,1
DA:396,1
DA:397,1
DA:400,0
DA:401,0
DA:404,0
DA:407,0
DA:408,0
DA:416,0
DA:417,0
DA:418,0
DA:419,0
LF:168
LH:120
end_of_record
SF:lib\modules\core\data\network\request\request_valid_code.dart
DA:9,1
DA:11,0
DA:14,0
DA:16,2
LF:4
LH:2
end_of_record
SF:lib\modules\core\data\network\request\request_valid_code.g.dart
DA:9,0
DA:10,0
DA:11,0
DA:14,1
DA:15,1
DA:16,1
LF:6
LH:3
end_of_record
SF:lib\modules\uicountry\bloc\uicountry_bloc.dart
DA:10,2
DA:11,4
DA:12,2
DA:13,4
DA:16,2
DA:20,4
DA:22,4
DA:23,4
DA:24,1
DA:25,2
LF:10
LH:10
end_of_record
SF:lib\modules\uicountry\bloc\uicountry_bloc_event.dart
DA:2,2
LF:1
LH:1
end_of_record
SF:lib\modules\uicountry\bloc\uicountry_bloc_state.dart
DA:9,3
DA:15,1
DA:16,1
DA:18,2
DA:20,0
DA:24,2
DA:25,2
DA:27,2
DA:35,3
DA:37,2
DA:42,1
DA:43,2
DA:47,1
DA:48,1
DA:50,1
DA:55,2
DA:56,2
DA:58,2
LF:18
LH:17
end_of_record
SF:lib\modules\uicountry\widget\listview_widget.dart
DA:9,0
DA:11,2
DA:15,2
DA:18,2
DA:20,2
DA:23,2
DA:24,4
DA:25,2
DA:26,2
DA:27,10
DA:28,0
DA:29,0
DA:31,0
DA:34,2
DA:36,2
DA:37,2
DA:43,6
DA:45,2
DA:46,6
DA:60,2
DA:61,4
DA:62,2
DA:63,2
DA:66,0
DA:75,2
DA:76,4
DA:77,2
DA:78,2
LF:28
LH:23
end_of_record
SF:lib\modules\uicountry\uicountry_module.dart
DA:7,1
DA:8,1
DA:9,1
DA:12,1
DA:13,1
DA:14,1
DA:15,2
DA:16,1
DA:21,0
DA:22,0
DA:23,0
DA:25,0
LF:12
LH:8
end_of_record
SF:lib\modules\uicountry\uicountry_page.dart
DA:15,4
DA:17,1
DA:18,1
DA:26,1
DA:28,1
DA:29,2
DA:32,1
DA:34,2
DA:36,1
DA:37,0
DA:38,0
DA:41,1
DA:42,1
DA:47,1
DA:48,3
DA:49,1
DA:50,1
DA:51,1
DA:52,1
DA:53,1
DA:54,2
DA:55,1
DA:56,1
DA:57,1
DA:58,2
DA:61,1
DA:62,2
DA:63,1
DA:65,1
DA:71,1
DA:72,1
DA:74,1
DA:80,1
DA:81,1
DA:82,1
DA:83,1
DA:84,1
DA:86,1
DA:87,1
DA:88,1
LF:40
LH:38
end_of_record
SF:lib\modules\uicountry\widget\search_widget.dart
DA:13,2
DA:19,2
DA:20,2
DA:28,2
DA:30,2
DA:31,2
DA:34,2
DA:36,2
DA:37,6
DA:40,2
DA:42,6
DA:43,2
DA:45,2
DA:47,6
DA:52,1
DA:56,1
DA:57,1
DA:58,3
DA:61,1
DA:62,2
DA:63,2
DA:69,0
DA:70,0
DA:71,0
DA:72,0
DA:73,0
DA:74,0
DA:76,0
DA:77,0
DA:78,0
DA:79,0
DA:82,0
DA:88,2
DA:90,10
DA:91,6
DA:93,0
DA:94,0
DA:98,1
DA:99,2
DA:100,1
DA:101,1
DA:102,3
DA:104,1
DA:105,1
DA:106,1
DA:113,1
DA:115,1
DA:116,3
DA:117,1
DA:128,1
DA:129,2
DA:130,1
DA:131,1
DA:134,1
DA:143,1
DA:144,2
DA:145,1
DA:146,1
LF:58
LH:45
end_of_record
SF:lib\modules\uisplash\bloc\uisplash_bloc.dart
DA:15,2
DA:19,2
DA:20,4
DA:21,4
DA:24,1
DA:28,2
DA:29,2
DA:32,2
DA:37,4
DA:38,1
DA:39,1
DA:40,1
LF:12
LH:12
end_of_record
SF:lib\modules\uisplash\bloc\uisplash_bloc_event.dart
DA:2,2
LF:1
LH:1
end_of_record
SF:lib\modules\uisplash\bloc\uisplash_bloc_state.dart
DA:8,4
DA:13,0
DA:15,1
DA:16,1
DA:20,2
DA:27,2
DA:28,1
DA:35,3
DA:36,0
DA:42,3
DA:43,0
LF:11
LH:8
end_of_record
SF:lib\modules\uivalidcode\bloc\uivalid_code_bloc.dart
DA:14,2
DA:17,2
DA:18,2
DA:19,2
DA:21,4
DA:22,4
DA:25,2
DA:29,2
DA:31,4
DA:32,2
DA:34,4
DA:36,2
DA:37,1
DA:38,3
DA:42,1
DA:46,1
DA:47,2
DA:48,1
LF:18
LH:18
end_of_record
SF:lib\modules\uivalidcode\bloc\uivalid_code_bloc_event.dart
DA:2,2
DA:7,2
LF:2
LH:2
end_of_record
SF:lib\modules\uivalidcode\bloc\uivalid_code_bloc_state.dart
DA:11,4
DA:19,2
DA:21,0
DA:23,1
DA:24,1
DA:28,2
DA:29,0
DA:36,3
DA:37,0
DA:46,2
DA:47,1
DA:55,1
DA:56,1
DA:64,3
DA:65,0
LF:15
LH:11
end_of_record
SF:lib\modules\uisplash\uisplash_module.dart
DA:8,1
DA:9,1
DA:10,1
DA:13,1
DA:14,1
DA:15,1
DA:16,2
DA:17,1
DA:18,1
DA:19,1
DA:24,0
DA:25,0
DA:26,0
DA:28,0
LF:14
LH:10
end_of_record
SF:lib\modules\uisplash\uisplash_page.dart
DA:18,2
DA:20,1
DA:21,1
DA:30,1
DA:32,1
DA:35,1
DA:37,2
DA:38,1
DA:40,1
DA:41,1
DA:42,1
DA:43,1
DA:44,1
DA:45,1
DA:46,1
DA:51,1
DA:53,1
DA:54,1
DA:56,1
DA:62,1
DA:64,1
DA:80,1
DA:81,3
DA:84,1
DA:85,1
DA:86,1
DA:87,1
DA:88,1
DA:89,1
DA:90,0
DA:91,0
DA:93,0
DA:94,1
DA:95,0
DA:96,0
DA:97,1
DA:98,0
DA:99,0
DA:101,1
DA:107,0
DA:108,0
DA:109,0
DA:113,0
DA:114,0
DA:115,0
DA:117,0
DA:118,0
DA:119,0
DA:120,0
DA:121,0
DA:122,0
LF:51
LH:32
end_of_record
SF:lib\modules\uivalidcode\uivalid_code_module.dart
DA:7,1
DA:8,1
DA:9,1
DA:12,1
DA:13,1
DA:14,1
DA:15,2
DA:16,1
DA:17,1
DA:22,0
DA:23,0
DA:24,0
DA:26,0
LF:13
LH:9
end_of_record
SF:lib\modules\uivalidcode\uivalid_code_pages.dart
DA:20,2
DA:22,1
DA:23,1
DA:40,1
DA:42,2
DA:44,1
DA:45,0
DA:46,0
DA:48,0
DA:49,0
DA:50,0
DA:51,0
DA:55,1
DA:57,1
DA:58,1
DA:59,2
DA:65,1
DA:66,1
DA:67,1
DA:68,1
DA:75,0
DA:76,0
DA:79,1
DA:80,1
DA:81,1
DA:82,1
DA:83,1
DA:84,1
DA:85,0
DA:87,1
DA:88,3
DA:89,1
DA:90,0
DA:91,0
DA:92,0
DA:93,1
DA:94,0
DA:95,0
DA:97,1
DA:99,0
DA:104,0
DA:105,0
DA:106,0
DA:108,0
DA:112,1
DA:113,1
DA:115,1
DA:116,1
DA:117,1
DA:118,1
DA:119,1
DA:120,1
DA:121,1
DA:122,1
DA:126,1
DA:127,1
DA:128,1
DA:129,1
DA:136,1
DA:137,1
DA:145,1
DA:147,2
DA:148,1
DA:149,2
DA:155,1
DA:156,1
DA:157,4
DA:158,1
DA:159,0
DA:160,0
DA:161,0
DA:162,0
DA:165,1
DA:166,2
DA:178,1
DA:179,1
DA:181,1
DA:182,2
DA:183,1
DA:184,1
DA:195,1
DA:196,1
DA:198,1
DA:200,1
DA:202,1
DA:203,1
DA:204,1
DA:219,1
DA:220,1
DA:221,2
DA:222,1
DA:225,1
DA:226,1
DA:238,1
DA:239,1
DA:241,1
DA:242,2
DA:251,1
DA:252,2
DA:253,1
DA:254,3
DA:255,3
DA:259,1
DA:261,1
DA:262,1
DA:263,3
DA:266,1
DA:268,1
DA:269,2
DA:270,2
DA:271,3
DA:274,1
DA:275,2
DA:276,2
DA:277,2
DA:281,1
DA:283,2
DA:285,0
DA:286,0
DA:287,0
DA:288,0
DA:289,0
DA:291,0
DA:294,0
DA:295,0
DA:302,0
DA:303,0
DA:304,0
DA:306,0
DA:307,0
DA:309,0
LF:131
LH:94
end_of_record
