SF:lib\modules\core\data\assets\countries_codes_impl.dart
DA:10,1
DA:12,1
DA:14,2
DA:15,1
DA:16,3
DA:17,1
LF:6
LH:6
end_of_record
SF:lib\modules\core\data\assets\models\country_model.dart
DA:9,9
DA:16,1
DA:17,1
DA:18,1
DA:19,1
DA:20,1
DA:21,1
DA:23,1
DA:26,1
DA:27,1
DA:28,1
DA:29,1
DA:30,1
DA:31,1
DA:35,1
DA:36,1
DA:37,1
DA:38,1
DA:39,1
DA:40,1
LF:20
LH:20
end_of_record
SF:lib\modules\core\data\countries_repository_impl.dart
DA:10,1
DA:13,1
DA:15,2
LF:3
LH:3
end_of_record
SF:lib\modules\core\data\hand_shake_repository_impl.dart
DA:17,1
DA:23,1
DA:26,2
DA:30,2
DA:31,2
DA:32,1
DA:37,2
DA:38,1
DA:39,1
DA:40,1
DA:41,1
LF:11
LH:11
end_of_record
SF:lib\modules\core\data\network\enums\http_error_enum.dart
DA:12,5
DA:13,5
DA:14,15
DA:16,5
LF:4
LH:4
end_of_record
SF:lib\modules\core\data\network\exceptions\http_exception.dart
DA:7,4
DA:11,4
DA:12,4
DA:13,4
DA:14,2
DA:16,4
DA:17,4
DA:21,2
DA:22,4
DA:25,5
DA:26,10
LF:11
LH:11
end_of_record
SF:lib\modules\core\data\network\rest_hand_shake.g.dart
DA:12,1
DA:21,1
DA:24,1
DA:25,1
DA:26,1
DA:27,2
DA:28,4
DA:33,1
DA:34,2
DA:39,1
DA:40,1
DA:41,3
DA:42,1
DA:46,1
DA:47,1
DA:48,2
DA:49,2
DA:50,1
DA:51,0
DA:53,1
DA:59,1
DA:63,2
DA:67,0
DA:69,0
DA:70,0
DA:73,0
LF:26
LH:21
end_of_record
SF:lib\modules\core\data\network\request\request_hand_shake.dart
DA:10,3
DA:12,4
LF:2
LH:2
end_of_record
SF:lib\modules\core\data\network\request\request_hand_shake.g.dart
DA:9,0
DA:10,0
DA:11,0
DA:14,2
DA:15,2
DA:16,2
LF:6
LH:3
end_of_record
SF:lib\modules\core\data\key_repository_impl.dart
DA:11,1
DA:15,1
DA:16,2
DA:18,0
DA:19,0
DA:21,0
DA:23,0
DA:24,0
DA:28,0
DA:32,0
LF:10
LH:3
end_of_record
SF:lib\modules\core\data\network\interceptors\dio_encrypted_interceptor.dart
DA:22,1
DA:32,1
DA:37,1
DA:38,1
DA:41,1
DA:46,1
DA:47,1
DA:49,2
DA:50,1
DA:51,3
DA:52,1
DA:55,1
DA:58,1
DA:59,1
DA:60,1
DA:61,2
DA:65,1
DA:66,1
DA:67,1
DA:68,2
DA:70,1
DA:71,1
DA:76,1
DA:80,2
DA:81,2
DA:82,1
DA:86,2
DA:87,1
DA:88,1
DA:91,1
DA:92,2
DA:93,1
DA:95,2
DA:98,1
DA:99,1
DA:104,1
DA:105,3
DA:108,1
DA:109,2
DA:110,1
DA:112,2
DA:115,1
DA:117,2
DA:119,2
DA:120,2
DA:123,1
DA:124,1
DA:126,0
LF:48
LH:47
end_of_record
SF:lib\modules\core\utils\bytes_impl.dart
DA:6,5
DA:11,5
DA:13,1
DA:18,1
LF:4
LH:4
end_of_record
SF:lib\modules\core\data\network\request\request_encrypted.dart
DA:10,2
DA:12,4
LF:2
LH:2
end_of_record
SF:lib\modules\core\data\network\request\request_encrypted.g.dart
DA:9,0
DA:10,0
DA:11,0
DA:14,2
DA:15,2
DA:16,2
LF:6
LH:3
end_of_record
SF:lib\modules\core\data\network\request\request_user_code.dart
DA:10,4
DA:12,1
DA:15,1
DA:17,4
LF:4
LH:4
end_of_record
SF:lib\modules\core\data\network\request\request_user_code.g.dart
DA:9,1
DA:10,1
DA:11,1
DA:14,2
DA:15,2
DA:16,2
LF:6
LH:6
end_of_record
SF:lib\modules\core\data\network\request\request_valid_code.dart
DA:10,1
DA:12,0
DA:15,0
DA:17,2
LF:4
LH:2
end_of_record
SF:lib\modules\core\data\network\request\request_valid_code.g.dart
DA:9,0
DA:10,0
DA:11,0
DA:14,1
DA:15,1
DA:16,1
LF:6
LH:3
end_of_record
SF:lib\modules\core\data\network\response\response_valid_code.dart
DA:11,5
DA:13,1
DA:16,1
DA:18,4
LF:4
LH:4
end_of_record
SF:lib\modules\core\data\network\response\response_valid_code.g.dart
DA:9,1
DA:10,1
DA:11,1
DA:12,1
DA:15,2
DA:16,2
DA:17,2
DA:18,2
LF:8
LH:8
end_of_record
SF:lib\modules\core\data\network\rest_user.g.dart
DA:12,1
DA:21,1
DA:24,1
DA:25,1
DA:26,1
DA:27,2
DA:28,4
DA:33,1
DA:34,2
DA:39,1
DA:40,1
DA:41,3
DA:42,1
DA:46,1
DA:49,1
DA:50,1
DA:52,1
DA:53,3
DA:58,1
DA:59,2
DA:64,1
DA:65,1
DA:66,3
DA:67,1
DA:69,2
DA:73,1
DA:74,1
DA:75,2
DA:76,2
DA:77,1
DA:78,0
DA:80,1
DA:86,1
DA:90,2
DA:94,0
DA:96,0
DA:97,0
DA:100,0
LF:38
LH:33
end_of_record
SF:lib\modules\core\data\route_repository_impl.dart
DA:7,1
DA:9,1
DA:11,2
DA:14,1
DA:15,2
DA:17,1
DA:19,2
LF:7
LH:7
end_of_record
SF:lib\modules\core\data\sp\device_sp_impl.dart
DA:13,1
DA:19,1
DA:21,2
DA:22,1
DA:26,2
DA:28,2
DA:29,2
DA:33,1
DA:35,2
DA:37,2
DA:38,2
DA:41,3
LF:12
LH:12
end_of_record
SF:lib\modules\core\data\sp\key_sp_impl.dart
DA:15,1
DA:21,1
DA:23,2
DA:25,2
DA:26,2
DA:29,3
DA:32,1
DA:34,3
DA:35,1
DA:39,2
DA:41,2
DA:42,2
DA:46,1
DA:48,3
DA:49,1
DA:53,2
DA:55,2
DA:56,2
DA:60,1
DA:62,2
DA:64,2
DA:65,2
DA:68,3
DA:71,1
DA:73,1
DA:74,3
DA:75,3
DA:80,1
DA:82,3
LF:29
LH:29
end_of_record
SF:lib\modules\core\data\sp\route_sp_impl.dart
DA:14,1
DA:20,1
DA:22,2
DA:24,2
DA:25,2
DA:28,3
DA:31,1
DA:34,3
DA:36,1
DA:37,2
DA:39,2
DA:40,2
DA:47,1
DA:49,1
DA:50,2
LF:15
LH:15
end_of_record
SF:lib\modules\core\data\user_repository_impl.dart
DA:11,1
DA:13,1
DA:17,2
DA:19,1
DA:24,2
DA:25,1
DA:26,1
DA:27,1
DA:28,1
LF:9
LH:9
end_of_record
SF:lib\modules\core\phone\phone_formatted.dart
DA:8,2
DA:11,2
DA:12,2
DA:13,6
DA:17,1
DA:22,1
DA:23,4
DA:24,1
DA:25,1
DA:27,2
DA:31,1
DA:32,1
DA:35,2
DA:36,3
DA:37,1
DA:38,1
DA:40,2
DA:43,1
DA:44,1
DA:46,1
DA:51,1
DA:53,1
DA:54,4
DA:55,3
DA:56,2
DA:57,1
DA:59,3
DA:63,1
LF:28
LH:28
end_of_record
SF:lib\modules\core\regex\regex_impl.dart
DA:8,1
DA:10,1
DA:13,1
DA:14,2
DA:15,1
DA:16,2
LF:6
LH:6
end_of_record
SF:lib\modules\core\security\encryption_decrypt_aes_impl.dart
DA:7,1
DA:11,1
DA:18,1
DA:22,3
DA:27,1
DA:28,2
DA:32,1
DA:39,2
DA:41,1
DA:47,1
DA:48,2
LF:11
LH:11
end_of_record
SF:lib\modules\core\security\keys_impl.dart
DA:6,1
DA:13,1
DA:14,6
LF:3
LH:3
end_of_record
SF:lib\modules\core\utils\strings_impl.dart
DA:4,1
DA:6,1
DA:7,1
LF:3
LH:3
end_of_record
SF:lib\modules\core\widgets\bottomsheet\bottom_sheet_impl.dart
DA:6,1
DA:15,1
DA:18,1
DA:19,1
DA:22,1
DA:24,1
DA:25,1
DA:39,1
DA:40,1
DA:41,1
DA:48,1
DA:54,1
DA:63,1
DA:65,1
DA:67,1
DA:68,1
DA:70,1
LF:17
LH:17
end_of_record
SF:lib\modules\core\localizations\app_localization_impl.dart
DA:8,3
DA:9,3
DA:11,3
DA:13,6
LF:4
LH:4
end_of_record
SF:lib\modules\core\widgets\loading\loading_impl.dart
DA:7,1
DA:8,1
LF:2
LH:2
end_of_record
SF:lib\modules\core\widgets\loading\loading_widget.dart
DA:10,2
DA:16,2
DA:17,2
DA:21,2
DA:23,6
DA:24,2
DA:26,2
DA:27,2
DA:28,2
DA:30,2
DA:31,2
DA:37,2
DA:39,2
DA:40,6
LF:14
LH:14
end_of_record
SF:lib\modules\uiauth\bloc\uiauth_bloc.dart
DA:18,1
DA:22,2
DA:23,1
DA:24,1
DA:25,1
DA:27,2
DA:28,2
DA:31,1
DA:35,2
DA:37,2
DA:38,2
DA:39,1
DA:40,2
DA:44,1
DA:48,2
DA:50,1
DA:51,1
DA:54,2
DA:55,2
DA:57,2
DA:58,0
DA:59,0
LF:22
LH:20
end_of_record
SF:lib\modules\uiauth\bloc\uiauth_bloc_event.dart
DA:2,2
DA:9,2
LF:2
LH:2
end_of_record
SF:lib\modules\uiauth\bloc\uiauth_bloc_state.dart
DA:10,3
DA:18,1
DA:19,1
DA:21,2
DA:23,0
DA:25,0
DA:29,2
DA:30,2
DA:32,2
DA:41,3
DA:42,2
DA:48,1
DA:49,2
DA:53,1
DA:54,1
DA:55,1
DA:62,2
DA:63,2
DA:64,2
DA:74,2
DA:75,2
DA:77,2
LF:22
LH:20
end_of_record
SF:lib\modules\uiauth\uiauth_pages.dart
DA:22,12
DA:24,1
DA:25,1
DA:45,1
DA:47,2
DA:49,1
DA:52,2
DA:53,1
DA:54,1
DA:59,1
DA:60,3
DA:61,1
DA:62,1
DA:63,1
DA:64,1
DA:65,1
DA:66,3
DA:67,1
DA:68,2
DA:70,1
DA:71,1
DA:72,0
DA:73,0
DA:77,2
DA:81,1
DA:86,1
DA:87,1
DA:88,1
DA:89,1
DA:90,1
DA:92,1
DA:93,1
DA:97,1
DA:98,1
DA:99,1
DA:103,1
DA:104,5
DA:105,1
DA:113,1
DA:114,1
DA:115,2
DA:116,1
DA:126,1
DA:127,1
DA:128,1
DA:129,1
DA:130,1
DA:131,1
DA:138,1
DA:139,1
DA:141,1
DA:142,1
DA:157,1
DA:158,1
DA:159,1
DA:160,1
DA:161,1
DA:163,1
DA:164,1
DA:165,1
DA:169,1
DA:170,2
DA:182,1
DA:183,1
DA:184,1
DA:185,1
DA:187,1
DA:189,1
DA:191,1
DA:194,1
DA:195,1
DA:206,2
DA:212,1
DA:214,1
DA:216,1
DA:218,1
DA:220,1
DA:222,1
DA:223,2
DA:225,1
DA:226,1
DA:237,2
DA:247,1
DA:248,1
DA:249,1
DA:250,1
DA:251,1
DA:254,1
DA:255,1
DA:258,1
DA:260,1
DA:262,1
DA:263,4
DA:264,0
DA:265,0
DA:266,0
DA:268,0
DA:272,1
DA:273,1
DA:274,1
DA:275,1
DA:276,1
DA:277,1
DA:298,1
DA:299,1
DA:301,1
DA:309,1
DA:310,3
DA:312,2
DA:313,2
DA:315,2
DA:317,1
DA:319,3
DA:322,1
DA:324,1
DA:325,1
DA:327,3
DA:330,1
DA:331,2
DA:335,4
DA:336,2
DA:339,1
DA:341,1
DA:343,2
DA:344,3
DA:347,1
DA:348,1
DA:349,0
DA:353,2
DA:354,1
DA:355,1
DA:356,3
DA:358,1
DA:360,1
DA:361,2
DA:364,2
DA:365,1
DA:366,1
DA:368,1
DA:373,1
DA:374,1
DA:375,2
DA:377,2
DA:380,1
DA:381,1
DA:382,1
DA:385,2
DA:386,1
DA:389,1
DA:392,0
DA:393,0
DA:401,1
DA:402,3
DA:403,1
DA:404,2
LF:155
LH:146
end_of_record
SF:lib\modules\uicountry\bloc\uicountry_bloc.dart
DA:12,1
DA:13,2
DA:14,1
DA:15,2
DA:18,1
DA:22,2
DA:24,2
DA:25,2
DA:26,1
DA:27,2
LF:10
LH:10
end_of_record
SF:lib\modules\uicountry\bloc\uicountry_bloc_event.dart
DA:2,2
LF:1
LH:1
end_of_record
SF:lib\modules\uicountry\bloc\uicountry_bloc_state.dart
DA:9,3
DA:15,1
DA:16,1
DA:18,2
DA:20,0
DA:24,2
DA:25,2
DA:27,2
DA:35,3
DA:37,2
DA:42,1
DA:43,2
DA:47,1
DA:48,1
DA:50,1
DA:55,2
DA:56,2
DA:58,2
LF:18
LH:17
end_of_record
SF:lib\modules\uicountry\uicountry_page.dart
DA:19,1
DA:21,1
DA:22,1
DA:31,1
DA:33,1
DA:34,2
DA:37,1
DA:39,2
DA:41,1
DA:42,1
DA:46,1
DA:47,3
DA:48,1
DA:49,1
DA:50,1
DA:51,1
DA:52,1
DA:53,1
DA:54,1
DA:55,1
DA:56,3
DA:59,1
DA:60,2
DA:61,1
DA:63,1
DA:69,1
DA:70,1
DA:72,1
DA:78,1
DA:79,1
DA:80,1
DA:81,1
DA:82,1
DA:83,2
DA:85,1
DA:86,1
DA:87,1
DA:88,2
LF:38
LH:38
end_of_record
SF:lib\modules\uicountry\widget\listview_widget.dart
DA:9,0
DA:11,2
DA:16,2
DA:19,2
DA:21,2
DA:24,2
DA:25,4
DA:26,2
DA:27,2
DA:28,10
DA:29,0
DA:30,0
DA:31,0
DA:33,2
DA:35,2
DA:36,2
DA:42,6
DA:44,2
DA:45,6
DA:59,2
DA:60,4
DA:61,2
DA:62,2
DA:65,0
DA:74,2
DA:75,4
DA:76,2
DA:77,2
LF:28
LH:23
end_of_record
SF:lib\modules\uicountry\widget\search_widget.dart
DA:14,2
DA:21,2
DA:22,2
DA:30,2
DA:32,2
DA:33,2
DA:36,2
DA:38,2
DA:39,6
DA:42,2
DA:44,6
DA:45,2
DA:47,2
DA:49,6
DA:54,0
DA:58,0
DA:59,0
DA:60,0
DA:63,0
DA:64,0
DA:65,0
DA:71,0
DA:72,0
DA:73,0
DA:74,0
DA:75,0
DA:76,0
DA:78,0
DA:79,0
DA:80,0
DA:81,0
DA:84,0
DA:90,2
DA:92,10
DA:93,6
DA:95,0
DA:96,0
DA:100,0
DA:101,0
DA:102,0
DA:103,0
DA:104,0
DA:105,0
DA:107,0
DA:108,0
DA:109,0
DA:116,0
DA:118,0
DA:119,0
DA:120,0
DA:131,0
DA:132,0
DA:133,0
DA:134,0
DA:137,0
DA:146,0
DA:147,0
DA:148,0
DA:149,0
LF:59
LH:17
end_of_record
SF:lib\modules\uiprofile\uiprofile_page.dart
DA:6,12
DA:8,1
LF:2
LH:2
end_of_record
SF:lib\modules\uisplash\bloc\uisplash_bloc.dart
DA:17,1
DA:21,1
DA:22,2
DA:23,2
DA:26,1
DA:30,2
DA:31,2
DA:34,1
DA:39,2
DA:40,1
DA:41,1
DA:42,1
LF:12
LH:12
end_of_record
SF:lib\modules\uisplash\bloc\uisplash_bloc_event.dart
DA:2,2
LF:1
LH:1
end_of_record
SF:lib\modules\uisplash\bloc\uisplash_bloc_state.dart
DA:8,14
DA:13,0
DA:15,1
DA:16,1
DA:20,12
DA:24,3
DA:25,1
DA:32,13
DA:33,0
DA:39,13
DA:40,0
LF:11
LH:8
end_of_record
SF:lib\modules\uisplash\uisplash_page.dart
DA:21,12
DA:23,1
DA:24,1
DA:34,1
DA:36,1
DA:37,2
DA:40,1
DA:42,1
DA:43,2
DA:46,1
DA:48,2
DA:49,1
DA:51,1
DA:52,1
DA:53,1
DA:54,1
DA:55,1
DA:56,1
DA:61,1
DA:63,1
DA:64,1
DA:66,1
DA:72,1
DA:74,1
DA:89,1
DA:90,3
DA:93,1
DA:94,1
DA:95,1
DA:96,1
DA:97,1
DA:98,1
DA:99,1
DA:100,1
DA:101,1
DA:102,1
DA:103,1
DA:106,1
DA:107,1
DA:108,1
DA:112,1
DA:120,1
DA:121,2
DA:122,4
DA:124,0
DA:128,1
DA:129,1
DA:130,0
DA:134,1
DA:135,2
DA:136,1
DA:138,1
DA:139,0
DA:140,0
DA:141,0
DA:142,0
DA:143,0
LF:57
LH:50
end_of_record
SF:lib\modules\uivalidcode\bloc\uivalid_code_bloc.dart
DA:16,1
DA:19,1
DA:20,1
DA:21,1
DA:23,2
DA:24,2
DA:27,1
DA:31,1
DA:33,2
DA:34,1
DA:36,2
DA:38,2
DA:39,1
DA:40,3
DA:44,1
DA:48,1
DA:49,2
DA:50,1
LF:18
LH:18
end_of_record
SF:lib\modules\uivalidcode\bloc\uivalid_code_bloc_event.dart
DA:2,2
DA:7,2
LF:2
LH:2
end_of_record
SF:lib\modules\uivalidcode\bloc\uivalid_code_bloc_state.dart
DA:11,15
DA:19,2
DA:21,0
DA:23,1
DA:24,1
DA:28,12
DA:29,0
DA:36,12
DA:37,0
DA:47,3
DA:48,1
DA:56,2
DA:57,2
DA:65,12
DA:66,0
LF:15
LH:11
end_of_record
SF:lib\modules\uivalidcode\uivalid_code_pages.dart
DA:22,12
DA:24,1
DA:25,1
DA:42,1
DA:44,2
DA:46,1
DA:47,0
DA:48,0
DA:50,0
DA:51,0
DA:52,0
DA:53,0
DA:57,1
DA:59,1
DA:60,1
DA:61,2
DA:67,1
DA:68,1
DA:69,1
DA:70,1
DA:77,0
DA:78,0
DA:81,1
DA:82,1
DA:83,1
DA:84,1
DA:85,1
DA:86,1
DA:87,0
DA:89,1
DA:90,0
DA:91,1
DA:92,2
DA:93,2
DA:94,1
DA:95,1
DA:96,2
DA:97,1
DA:99,1
DA:101,0
DA:106,1
DA:107,1
DA:108,3
DA:110,0
DA:114,1
DA:115,1
DA:116,1
DA:117,1
DA:118,1
DA:119,1
DA:120,1
DA:121,1
DA:122,1
DA:123,1
DA:127,1
DA:128,1
DA:129,1
DA:130,1
DA:137,1
DA:138,1
DA:146,1
DA:148,2
DA:149,1
DA:150,2
DA:156,1
DA:157,1
DA:158,4
DA:159,1
DA:160,0
DA:161,0
DA:162,0
DA:163,0
DA:166,1
DA:167,2
DA:179,1
DA:180,1
DA:182,1
DA:183,2
DA:184,1
DA:185,1
DA:196,1
DA:197,1
DA:199,1
DA:201,1
DA:203,1
DA:204,1
DA:205,1
DA:220,1
DA:221,1
DA:222,2
DA:223,1
DA:226,1
DA:227,1
DA:239,1
DA:240,1
DA:242,1
DA:243,2
DA:252,1
DA:253,2
DA:254,1
DA:255,3
DA:256,3
DA:260,1
DA:262,1
DA:263,1
DA:264,3
DA:267,1
DA:269,1
DA:270,2
DA:271,2
DA:272,3
DA:275,1
DA:276,2
DA:277,2
DA:278,2
DA:282,1
DA:284,2
DA:286,0
DA:287,0
DA:288,0
DA:289,0
DA:290,0
DA:292,0
DA:295,0
DA:296,0
DA:303,0
DA:304,0
DA:305,0
DA:307,0
DA:308,0
DA:310,0
LF:131
LH:101
end_of_record
